<?xml version="1.0" encoding="UTF-8"?>
<testsuite xmlns:xsi="http://www.w3.org/2001/XMLSchema-instance" xsi:noNamespaceSchemaLocation="https://maven.apache.org/surefire/maven-surefire-plugin/xsd/surefire-test-report-3.0.xsd" version="3.0" name="com.api.test.TestRunner" time="3.624" tests="2" errors="0" skipped="0" failures="0">
  <properties>
[...]
</properties>
  <testcase name="To create new message using cucumber Data Table #1" classname="To create a new booking in restful-booker" time="2.517"/>
  <testcase name="To create new message using cucumber Data Table #2" classname="To create a new booking in restful-booker" time="0.19"/>
</testsuite>